{"C:\\Users\\jordi\\Documents\\Cursos programación\\React Udemy\\N. PERN_Productos\\src\\router.ts": {"path":"C:\\Users\\jordi\\Documents\\Cursos programación\\React Udemy\\N. PERN_Productos\\src\\router.ts","statementMap":{"0":{"start":{"line":1,"column":0},"end":{"line":1,"column":32}},"1":{"start":{"line":2,"column":0},"end":{"line":2,"column":133}},"2":{"start":{"line":3,"column":0},"end":{"line":3,"column":47}},"3":{"start":{"line":4,"column":0},"end":{"line":4,"column":49}},"4":{"start":{"line":6,"column":15},"end":{"line":6,"column":23}},"5":{"start":{"line":16,"column":0},"end":{"line":25,"column":null}},"6":{"start":{"line":21,"column":27},"end":{"line":21,"column":36}},"7":{"start":{"line":27,"column":0},"end":{"line":27,"column":null}},"8":{"start":{"line":29,"column":0},"end":{"line":32,"column":null}},"9":{"start":{"line":36,"column":0},"end":{"line":50,"column":null}},"10":{"start":{"line":44,"column":25},"end":{"line":44,"column":34}},"11":{"start":{"line":52,"column":0},"end":{"line":56,"column":null}},"12":{"start":{"line":58,"column":0},"end":{"line":62,"column":null}},"13":{"start":{"line":64,"column":0},"end":{"line":64,"column":null}}},"fnMap":{"0":{"name":"(anonymous_0)","decl":{"start":{"line":21,"column":16},"end":{"line":21,"column":17}},"loc":{"start":{"line":21,"column":27},"end":{"line":21,"column":36}}},"1":{"name":"(anonymous_1)","decl":{"start":{"line":44,"column":16},"end":{"line":44,"column":21}},"loc":{"start":{"line":44,"column":25},"end":{"line":44,"column":34}}}},"branchMap":{},"s":{"0":2,"1":2,"2":2,"3":2,"4":2,"5":2,"6":4,"7":2,"8":2,"9":2,"10":11,"11":2,"12":2,"13":2},"f":{"0":4,"1":11},"b":{}}
,"C:\\Users\\jordi\\Documents\\Cursos programación\\React Udemy\\N. PERN_Productos\\src\\server.ts": {"path":"C:\\Users\\jordi\\Documents\\Cursos programación\\React Udemy\\N. PERN_Productos\\src\\server.ts","statementMap":{"0":{"start":{"line":8,"column":0},"end":{"line":8,"column":22}},"1":{"start":{"line":1,"column":0},"end":{"line":1,"column":29}},"2":{"start":{"line":2,"column":0},"end":{"line":2,"column":30}},"3":{"start":{"line":4,"column":0},"end":{"line":4,"column":28}},"4":{"start":{"line":5,"column":0},"end":{"line":5,"column":27}},"5":{"start":{"line":9,"column":4},"end":{"line":15,"column":5}},"6":{"start":{"line":10,"column":8},"end":{"line":10,"column":33}},"7":{"start":{"line":11,"column":8},"end":{"line":11,"column":18}},"8":{"start":{"line":14,"column":8},"end":{"line":14,"column":85}},"9":{"start":{"line":18,"column":0},"end":{"line":18,"column":12}},"10":{"start":{"line":21,"column":15},"end":{"line":21,"column":24}},"11":{"start":{"line":23,"column":0},"end":{"line":23,"column":27}},"12":{"start":{"line":26,"column":0},"end":{"line":26,"column":36}},"13":{"start":{"line":59,"column":0},"end":{"line":61,"column":null}},"14":{"start":{"line":60,"column":4},"end":{"line":60,"column":null}},"15":{"start":{"line":63,"column":0},"end":{"line":63,"column":null}}},"fnMap":{"0":{"name":"connectDB","decl":{"start":{"line":8,"column":22},"end":{"line":8,"column":31}},"loc":{"start":{"line":8,"column":31},"end":{"line":16,"column":null}}},"1":{"name":"(anonymous_10)","decl":{"start":{"line":59,"column":19},"end":{"line":59,"column":20}},"loc":{"start":{"line":59,"column":32},"end":{"line":61,"column":1}}}},"branchMap":{},"s":{"0":2,"1":2,"2":2,"3":2,"4":2,"5":3,"6":3,"7":2,"8":1,"9":2,"10":2,"11":2,"12":2,"13":2,"14":1,"15":2},"f":{"0":3,"1":1},"b":{}}
,"C:\\Users\\jordi\\Documents\\Cursos programación\\React Udemy\\N. PERN_Productos\\src\\config\\db.ts": {"path":"C:\\Users\\jordi\\Documents\\Cursos programación\\React Udemy\\N. PERN_Productos\\src\\config\\db.ts","statementMap":{"0":{"start":{"line":1,"column":0},"end":{"line":1,"column":49}},"1":{"start":{"line":2,"column":0},"end":{"line":2,"column":27}},"2":{"start":{"line":5,"column":0},"end":{"line":5,"column":null}},"3":{"start":{"line":8,"column":11},"end":{"line":18,"column":2}},"4":{"start":{"line":20,"column":0},"end":{"line":20,"column":null}}},"fnMap":{},"branchMap":{},"s":{"0":2,"1":2,"2":2,"3":2,"4":2},"f":{},"b":{}}
,"C:\\Users\\jordi\\Documents\\Cursos programación\\React Udemy\\N. PERN_Productos\\src\\data\\index.ts": {"path":"C:\\Users\\jordi\\Documents\\Cursos programación\\React Udemy\\N. PERN_Productos\\src\\data\\index.ts","statementMap":{"0":{"start":{"line":2,"column":0},"end":{"line":2,"column":29}},"1":{"start":{"line":4,"column":23},"end":{"line":20,"column":null}},"2":{"start":{"line":4,"column":34},"end":{"line":20,"column":null}},"3":{"start":{"line":5,"column":4},"end":{"line":13,"column":5}},"4":{"start":{"line":6,"column":8},"end":{"line":6,"column":null}},"5":{"start":{"line":7,"column":8},"end":{"line":7,"column":54}},"6":{"start":{"line":10,"column":8},"end":{"line":10,"column":27}},"7":{"start":{"line":4,"column":13},"end":{"line":4,"column":23}}},"fnMap":{"0":{"name":"(anonymous_8)","decl":{"start":{"line":4,"column":23},"end":{"line":4,"column":32}},"loc":{"start":{"line":4,"column":34},"end":{"line":20,"column":null}}},"1":{"name":"(anonymous_9)","decl":{"start":{"line":4,"column":34},"end":{"line":4,"column":null}},"loc":{"start":{"line":4,"column":34},"end":{"line":20,"column":1}}}},"branchMap":{},"s":{"0":1,"1":1,"2":1,"3":1,"4":1,"5":1,"6":0,"7":1},"f":{"0":1,"1":1},"b":{}}
,"C:\\Users\\jordi\\Documents\\Cursos programación\\React Udemy\\N. PERN_Productos\\src\\handlers\\product.ts": {"path":"C:\\Users\\jordi\\Documents\\Cursos programación\\React Udemy\\N. PERN_Productos\\src\\handlers\\product.ts","statementMap":{"0":{"start":{"line":2,"column":0},"end":{"line":2,"column":45}},"1":{"start":{"line":7,"column":29},"end":{"line":41,"column":null}},"2":{"start":{"line":7,"column":67},"end":{"line":41,"column":null}},"3":{"start":{"line":29,"column":4},"end":{"line":40,"column":5}},"4":{"start":{"line":33,"column":29},"end":{"line":33,"column":59}},"5":{"start":{"line":35,"column":8},"end":{"line":35,"column":51}},"6":{"start":{"line":39,"column":8},"end":{"line":39,"column":27}},"7":{"start":{"line":7,"column":13},"end":{"line":7,"column":29}},"8":{"start":{"line":43,"column":30},"end":{"line":58,"column":null}},"9":{"start":{"line":43,"column":68},"end":{"line":58,"column":null}},"10":{"start":{"line":44,"column":4},"end":{"line":56,"column":5}},"11":{"start":{"line":46,"column":25},"end":{"line":52,"column":10}},"12":{"start":{"line":53,"column":8},"end":{"line":53,"column":38}},"13":{"start":{"line":55,"column":8},"end":{"line":55,"column":27}},"14":{"start":{"line":43,"column":13},"end":{"line":43,"column":30}},"15":{"start":{"line":60,"column":30},"end":{"line":83,"column":null}},"16":{"start":{"line":60,"column":68},"end":{"line":83,"column":null}},"17":{"start":{"line":62,"column":22},"end":{"line":62,"column":50}},"18":{"start":{"line":64,"column":4},"end":{"line":82,"column":5}},"19":{"start":{"line":69,"column":24},"end":{"line":71,"column":10}},"20":{"start":{"line":73,"column":8},"end":{"line":77,"column":9}},"21":{"start":{"line":74,"column":12},"end":{"line":76,"column":null}},"22":{"start":{"line":79,"column":8},"end":{"line":79,"column":null}},"23":{"start":{"line":81,"column":8},"end":{"line":81,"column":27}},"24":{"start":{"line":60,"column":13},"end":{"line":60,"column":30}},"25":{"start":{"line":85,"column":29},"end":{"line":105,"column":null}},"26":{"start":{"line":85,"column":67},"end":{"line":105,"column":null}},"27":{"start":{"line":86,"column":22},"end":{"line":86,"column":50}},"28":{"start":{"line":87,"column":4},"end":{"line":104,"column":5}},"29":{"start":{"line":88,"column":24},"end":{"line":88,"column":57}},"30":{"start":{"line":90,"column":8},"end":{"line":93,"column":15}},"31":{"start":{"line":91,"column":12},"end":{"line":93,"column":15}},"32":{"start":{"line":94,"column":12},"end":{"line":94,"column":43}},"33":{"start":{"line":95,"column":12},"end":{"line":95,"column":33}},"34":{"start":{"line":99,"column":12},"end":{"line":99,"column":40}},"35":{"start":{"line":103,"column":8},"end":{"line":103,"column":27}},"36":{"start":{"line":85,"column":13},"end":{"line":85,"column":29}},"37":{"start":{"line":107,"column":34},"end":{"line":125,"column":null}},"38":{"start":{"line":107,"column":72},"end":{"line":125,"column":null}},"39":{"start":{"line":109,"column":22},"end":{"line":109,"column":50}},"40":{"start":{"line":110,"column":4},"end":{"line":124,"column":5}},"41":{"start":{"line":111,"column":24},"end":{"line":111,"column":57}},"42":{"start":{"line":112,"column":9},"end":{"line":116,"column":9}},"43":{"start":{"line":113,"column":12},"end":{"line":115,"column":null}},"44":{"start":{"line":118,"column":8},"end":{"line":118,"column":null}},"45":{"start":{"line":119,"column":8},"end":{"line":119,"column":29}},"46":{"start":{"line":121,"column":8},"end":{"line":121,"column":36}},"47":{"start":{"line":123,"column":8},"end":{"line":123,"column":27}},"48":{"start":{"line":107,"column":13},"end":{"line":107,"column":34}},"49":{"start":{"line":127,"column":30},"end":{"line":144,"column":null}},"50":{"start":{"line":127,"column":68},"end":{"line":144,"column":null}},"51":{"start":{"line":128,"column":25},"end":{"line":128,"column":53}},"52":{"start":{"line":129,"column":4},"end":{"line":143,"column":5}},"53":{"start":{"line":130,"column":24},"end":{"line":130,"column":57}},"54":{"start":{"line":131,"column":8},"end":{"line":135,"column":9}},"55":{"start":{"line":132,"column":12},"end":{"line":134,"column":null}},"56":{"start":{"line":136,"column":8},"end":{"line":136,"column":null}},"57":{"start":{"line":140,"column":8},"end":{"line":140,"column":49}},"58":{"start":{"line":142,"column":8},"end":{"line":142,"column":27}},"59":{"start":{"line":127,"column":13},"end":{"line":127,"column":30}}},"fnMap":{"0":{"name":"(anonymous_8)","decl":{"start":{"line":7,"column":29},"end":{"line":7,"column":36}},"loc":{"start":{"line":7,"column":67},"end":{"line":41,"column":null}}},"1":{"name":"(anonymous_9)","decl":{"start":{"line":7,"column":67},"end":{"line":7,"column":null}},"loc":{"start":{"line":7,"column":67},"end":{"line":41,"column":1}}},"2":{"name":"(anonymous_10)","decl":{"start":{"line":43,"column":30},"end":{"line":43,"column":37}},"loc":{"start":{"line":43,"column":68},"end":{"line":58,"column":null}}},"3":{"name":"(anonymous_11)","decl":{"start":{"line":43,"column":68},"end":{"line":43,"column":null}},"loc":{"start":{"line":43,"column":68},"end":{"line":58,"column":1}}},"4":{"name":"(anonymous_12)","decl":{"start":{"line":60,"column":30},"end":{"line":60,"column":37}},"loc":{"start":{"line":60,"column":68},"end":{"line":83,"column":null}}},"5":{"name":"(anonymous_13)","decl":{"start":{"line":60,"column":68},"end":{"line":60,"column":null}},"loc":{"start":{"line":60,"column":68},"end":{"line":83,"column":1}}},"6":{"name":"(anonymous_14)","decl":{"start":{"line":85,"column":29},"end":{"line":85,"column":36}},"loc":{"start":{"line":85,"column":67},"end":{"line":105,"column":null}}},"7":{"name":"(anonymous_15)","decl":{"start":{"line":85,"column":67},"end":{"line":85,"column":null}},"loc":{"start":{"line":85,"column":67},"end":{"line":105,"column":1}}},"8":{"name":"(anonymous_16)","decl":{"start":{"line":107,"column":34},"end":{"line":107,"column":41}},"loc":{"start":{"line":107,"column":72},"end":{"line":125,"column":null}}},"9":{"name":"(anonymous_17)","decl":{"start":{"line":107,"column":72},"end":{"line":107,"column":null}},"loc":{"start":{"line":107,"column":72},"end":{"line":125,"column":1}}},"10":{"name":"(anonymous_18)","decl":{"start":{"line":127,"column":30},"end":{"line":127,"column":37}},"loc":{"start":{"line":127,"column":68},"end":{"line":144,"column":null}}},"11":{"name":"(anonymous_19)","decl":{"start":{"line":127,"column":68},"end":{"line":127,"column":null}},"loc":{"start":{"line":127,"column":68},"end":{"line":144,"column":1}}}},"branchMap":{"0":{"loc":{"start":{"line":73,"column":8},"end":{"line":77,"column":9}},"type":"if","locations":[{"start":{"line":73,"column":8},"end":{"line":77,"column":9}},{"start":{},"end":{}}]},"1":{"loc":{"start":{"line":90,"column":8},"end":{"line":93,"column":15}},"type":"if","locations":[{"start":{"line":90,"column":8},"end":{"line":93,"column":15}},{"start":{},"end":{}}]},"2":{"loc":{"start":{"line":112,"column":9},"end":{"line":116,"column":9}},"type":"if","locations":[{"start":{"line":112,"column":9},"end":{"line":116,"column":9}},{"start":{},"end":{}}]},"3":{"loc":{"start":{"line":131,"column":8},"end":{"line":135,"column":9}},"type":"if","locations":[{"start":{"line":131,"column":8},"end":{"line":135,"column":9}},{"start":{},"end":{}}]}},"s":{"0":2,"1":2,"2":1,"3":1,"4":1,"5":1,"6":0,"7":2,"8":2,"9":1,"10":1,"11":1,"12":1,"13":0,"14":2,"15":2,"16":4,"17":4,"18":4,"19":4,"20":4,"21":2,"22":2,"23":0,"24":2,"25":2,"26":2,"27":2,"28":2,"29":2,"30":2,"31":1,"32":1,"33":1,"34":1,"35":0,"36":2,"37":2,"38":2,"39":2,"40":2,"41":2,"42":2,"43":1,"44":1,"45":1,"46":1,"47":0,"48":2,"49":2,"50":2,"51":2,"52":2,"53":2,"54":2,"55":1,"56":1,"57":1,"58":0,"59":2},"f":{"0":1,"1":1,"2":1,"3":1,"4":4,"5":4,"6":2,"7":2,"8":2,"9":2,"10":2,"11":2},"b":{"0":[2,2],"1":[1,1],"2":[1,1],"3":[1,1]}}
,"C:\\Users\\jordi\\Documents\\Cursos programación\\React Udemy\\N. PERN_Productos\\src\\middleware\\index.ts": {"path":"C:\\Users\\jordi\\Documents\\Cursos programación\\React Udemy\\N. PERN_Productos\\src\\middleware\\index.ts","statementMap":{"0":{"start":{"line":2,"column":0},"end":{"line":2,"column":53}},"1":{"start":{"line":4,"column":33},"end":{"line":12,"column":1}},"2":{"start":{"line":5,"column":17},"end":{"line":5,"column":38}},"3":{"start":{"line":6,"column":4},"end":{"line":10,"column":5}},"4":{"start":{"line":7,"column":8},"end":{"line":7,"column":null}},"5":{"start":{"line":11,"column":4},"end":{"line":11,"column":11}},"6":{"start":{"line":4,"column":13},"end":{"line":4,"column":33}}},"fnMap":{"0":{"name":"(anonymous_0)","decl":{"start":{"line":4,"column":33},"end":{"line":4,"column":34}},"loc":{"start":{"line":4,"column":85},"end":{"line":12,"column":1}}}},"branchMap":{"0":{"loc":{"start":{"line":6,"column":4},"end":{"line":10,"column":5}},"type":"if","locations":[{"start":{"line":6,"column":4},"end":{"line":10,"column":5}},{"start":{},"end":{}}]}},"s":{"0":2,"1":2,"2":26,"3":26,"4":15,"5":11,"6":2},"f":{"0":26},"b":{"0":[15,11]}}
,"C:\\Users\\jordi\\Documents\\Cursos programación\\React Udemy\\N. PERN_Productos\\src\\models\\Product.model.ts": {"path":"C:\\Users\\jordi\\Documents\\Cursos programación\\React Udemy\\N. PERN_Productos\\src\\models\\Product.model.ts","statementMap":{"0":{"start":{"line":1,"column":0},"end":{"line":1,"column":77}},"1":{"start":{"line":11,"column":0},"end":{"line":27,"column":null}},"2":{"start":{"line":15,"column":12},"end":{"line":15,"column":null}},"3":{"start":{"line":20,"column":12},"end":{"line":20,"column":null}},"4":{"start":{"line":26,"column":12},"end":{"line":26,"column":null}},"5":{"start":{"line":11,"column":6},"end":{"line":27,"column":null}},"6":{"start":{"line":29,"column":0},"end":{"line":29,"column":null}}},"fnMap":{},"branchMap":{},"s":{"0":3,"1":3,"2":3,"3":3,"4":3,"5":3,"6":3},"f":{},"b":{}}
}
