TN:
SF:src\router.ts
FN:21,(anonymous_0)
FN:44,(anonymous_1)
FNF:2
FNH:2
FNDA:4,(anonymous_0)
FNDA:11,(anonymous_1)
DA:1,2
DA:2,2
DA:3,2
DA:4,2
DA:6,2
DA:16,2
DA:21,4
DA:27,2
DA:29,2
DA:36,2
DA:44,11
DA:52,2
DA:58,2
DA:64,2
LF:14
LH:14
BRF:0
BRH:0
end_of_record
TN:
SF:src\server.ts
FN:8,connectDB
FN:59,(anonymous_10)
FNF:2
FNH:2
FNDA:3,connectDB
FNDA:1,(anonymous_10)
DA:1,2
DA:2,2
DA:4,2
DA:5,2
DA:8,2
DA:9,3
DA:10,3
DA:11,2
DA:14,1
DA:18,2
DA:21,2
DA:23,2
DA:26,2
DA:59,2
DA:60,1
DA:63,2
LF:16
LH:16
BRF:0
BRH:0
end_of_record
TN:
SF:src\config\db.ts
FNF:0
FNH:0
DA:1,2
DA:2,2
DA:5,2
DA:8,2
DA:20,2
LF:5
LH:5
BRF:0
BRH:0
end_of_record
TN:
SF:src\data\index.ts
FN:4,(anonymous_8)
FN:4,(anonymous_9)
FNF:2
FNH:2
FNDA:1,(anonymous_8)
FNDA:1,(anonymous_9)
DA:2,1
DA:4,1
DA:5,1
DA:6,1
DA:7,1
DA:10,0
LF:6
LH:5
BRF:0
BRH:0
end_of_record
TN:
SF:src\handlers\product.ts
FN:7,(anonymous_8)
FN:7,(anonymous_9)
FN:43,(anonymous_10)
FN:43,(anonymous_11)
FN:60,(anonymous_12)
FN:60,(anonymous_13)
FN:85,(anonymous_14)
FN:85,(anonymous_15)
FN:107,(anonymous_16)
FN:107,(anonymous_17)
FN:127,(anonymous_18)
FN:127,(anonymous_19)
FNF:12
FNH:12
FNDA:1,(anonymous_8)
FNDA:1,(anonymous_9)
FNDA:1,(anonymous_10)
FNDA:1,(anonymous_11)
FNDA:4,(anonymous_12)
FNDA:4,(anonymous_13)
FNDA:2,(anonymous_14)
FNDA:2,(anonymous_15)
FNDA:2,(anonymous_16)
FNDA:2,(anonymous_17)
FNDA:2,(anonymous_18)
FNDA:2,(anonymous_19)
DA:2,2
DA:7,2
DA:29,1
DA:33,1
DA:35,1
DA:39,0
DA:43,2
DA:44,1
DA:46,1
DA:53,1
DA:55,0
DA:60,4
DA:62,4
DA:64,4
DA:69,4
DA:73,4
DA:74,2
DA:79,2
DA:81,0
DA:85,2
DA:86,2
DA:87,2
DA:88,2
DA:90,2
DA:91,1
DA:94,1
DA:95,1
DA:99,1
DA:103,0
DA:107,2
DA:109,2
DA:110,2
DA:111,2
DA:112,2
DA:113,1
DA:118,1
DA:119,1
DA:121,1
DA:123,0
DA:127,2
DA:128,2
DA:129,2
DA:130,2
DA:131,2
DA:132,1
DA:136,1
DA:140,1
DA:142,0
LF:48
LH:42
BRDA:73,0,0,2
BRDA:73,0,1,2
BRDA:90,1,0,1
BRDA:90,1,1,1
BRDA:112,2,0,1
BRDA:112,2,1,1
BRDA:131,3,0,1
BRDA:131,3,1,1
BRF:8
BRH:8
end_of_record
TN:
SF:src\middleware\index.ts
FN:4,(anonymous_0)
FNF:1
FNH:1
FNDA:26,(anonymous_0)
DA:2,2
DA:4,2
DA:5,26
DA:6,26
DA:7,15
DA:11,11
LF:6
LH:6
BRDA:6,0,0,15
BRDA:6,0,1,11
BRF:2
BRH:2
end_of_record
TN:
SF:src\models\Product.model.ts
FNF:0
FNH:0
DA:1,3
DA:11,3
DA:15,3
DA:20,3
DA:26,3
DA:29,3
LF:6
LH:6
BRF:0
BRH:0
end_of_record
